<?xml version="1.0" encoding="UTF-8"?>
<!-- Generated by org.testng.reporters.JUnitXMLReporter -->
<testsuite hostname="admin1-LIVA-Z2V" ignored="0" name="Linked list App Test Cases" tests="4" failures="0" timestamp="31 Dec 2019 12:15:30 GMT" time="105.855" errors="0">
  <testcase name="loginTest" time="8.392" classname="com.bridgelabz.linkedin.testcases.LoginPageTest"/>
  <testcase name="createImagePostTest" time="8.983" classname="com.bridgelabz.linkedin.testcases.HomePageTest"/>
  <testcase name="createVideoPostTest" time="16.941" classname="com.bridgelabz.linkedin.testcases.HomePageTest"/>
  <testcase name="createDocumentPostTest" time="25.208" classname="com.bridgelabz.linkedin.testcases.HomePageTest"/>
</testsuite> <!-- Linked list App Test Cases -->
