<?xml version="1.0" encoding="UTF-8"?>
<testng-results skipped="0" failed="0" ignored="0" total="1" passed="1">
  <reporter-output>
  </reporter-output>
  <suite name="Default suite" duration-ms="30076" started-at="2020-01-10T07:21:52Z" finished-at="2020-01-10T07:22:22Z">
    <groups>
    </groups>
    <test name="Default test" duration-ms="30076" started-at="2020-01-10T07:21:52Z" finished-at="2020-01-10T07:22:22Z">
      <class name="com.bridgelabz.linkedin.testcases.LoginPageTest">
        <test-method status="PASS" signature="setUp()[pri:0, instance:com.bridgelabz.linkedin.testcases.LoginPageTest@1efed156]" name="setUp" is-config="true" duration-ms="7439" started-at="2020-01-10T12:51:53Z" finished-at="2020-01-10T12:52:00Z">
          <reporter-output>
          </reporter-output>
        </test-method> <!-- setUp -->
        <test-method status="PASS" signature="loginTest(java.lang.String, java.lang.String)[pri:0, instance:com.bridgelabz.linkedin.testcases.LoginPageTest@1efed156]" name="loginTest" duration-ms="21616" started-at="2020-01-10T12:52:00Z" data-provider="login" finished-at="2020-01-10T12:52:22Z">
          <params>
            <param index="0">
              <value>
                <![CDATA[akag006@gmail.com]]>
              </value>
            </param>
            <param index="1">
              <value>
                <![CDATA[Test@123]]>
              </value>
            </param>
          </params>
          <reporter-output>
          </reporter-output>
        </test-method> <!-- loginTest -->
        <test-method status="PASS" signature="tearDown()[pri:0, instance:com.bridgelabz.linkedin.testcases.LoginPageTest@1efed156]" name="tearDown" is-config="true" duration-ms="176" started-at="2020-01-10T12:52:22Z" finished-at="2020-01-10T12:52:22Z">
          <reporter-output>
          </reporter-output>
        </test-method> <!-- tearDown -->
      </class> <!-- com.bridgelabz.linkedin.testcases.LoginPageTest -->
    </test> <!-- Default test -->
  </suite> <!-- Default suite -->
</testng-results>
